<?xml version="1.0" encoding="UTF-8"?>
<testng-results skipped="0" failed="1" ignored="0" total="4" passed="3">
  <reporter-output>
  </reporter-output>
  <suite name="Suite" duration-ms="82923" started-at="2018-06-28T14:07:43Z" finished-at="2018-06-28T14:09:06Z">
    <groups>
    </groups>
    <test name="Test" duration-ms="82923" started-at="2018-06-28T14:07:43Z" finished-at="2018-06-28T14:09:06Z">
      <class name="Test.AddCartTest">
        <test-method status="PASS" signature="VerifyCart()[pri:0, instance:Test.AddCartTest@17c68925]" name="VerifyCart" duration-ms="13019" started-at="2018-06-28T14:08:52Z" finished-at="2018-06-28T14:09:05Z">
          <reporter-output>
          </reporter-output>
        </test-method> <!-- VerifyCart -->
      </class> <!-- Test.AddCartTest -->
      <class name="Test.PrintingTestCase">
        <test-method status="PASS" signature="Printtest()[pri:0, instance:Test.PrintingTestCase@19dfb72a]" name="Printtest" duration-ms="4" started-at="2018-06-28T14:08:52Z" finished-at="2018-06-28T14:08:52Z">
          <reporter-output>
          </reporter-output>
        </test-method> <!-- Printtest -->
      </class> <!-- Test.PrintingTestCase -->
      <class name="Test.LoginTest">
        <test-method status="PASS" signature="initilize()[pri:0, instance:Test.LoginTest@57829d67]" name="initilize" is-config="true" duration-ms="1258" started-at="2018-06-28T14:07:41Z" finished-at="2018-06-28T14:07:43Z">
          <reporter-output>
          </reporter-output>
        </test-method> <!-- initilize -->
        <test-method status="PASS" signature="VerifyLogin(java.util.Hashtable)[pri:0, instance:Test.LoginTest@57829d67]" name="VerifyLogin" duration-ms="51788" started-at="2018-06-28T14:07:43Z" data-provider="getDataForVerifyLogin" finished-at="2018-06-28T14:08:34Z">
          <params>
            <param index="0">
              <value>
                <![CDATA[{Password=Test@1234, UserName=dhirendravikramsingh93@gmail.com}]]>
              </value>
            </param>
          </params>
          <reporter-output>
          </reporter-output>
        </test-method> <!-- VerifyLogin -->
        <test-method status="FAIL" signature="VeriyAddAddress(java.lang.String, java.lang.String, java.lang.String, java.lang.String, java.lang.String, java.lang.String)[pri:0, instance:Test.LoginTest@57829d67]" name="VeriyAddAddress" duration-ms="16780" started-at="2018-06-28T14:08:35Z" data-provider="getDataForVeriyAddAddress" finished-at="2018-06-28T14:08:52Z">
          <params>
            <param index="0">
              <value>
                <![CDATA[test]]>
              </value>
            </param>
            <param index="1">
              <value>
                <![CDATA[tes1]]>
              </value>
            </param>
            <param index="2">
              <value>
                <![CDATA[12345]]>
              </value>
            </param>
            <param index="3">
              <value>
                <![CDATA[8585977960]]>
              </value>
            </param>
            <param index="4">
              <value>
                <![CDATA[8585977960]]>
              </value>
            </param>
            <param index="5">
              <value>
                <![CDATA[New]]>
              </value>
            </param>
          </params>
          <exception class="java.lang.AssertionError">
            <message>
              <![CDATA[Passed expected [true] but found [false]]]>
            </message>
            <full-stacktrace>
              <![CDATA[java.lang.AssertionError: Passed expected [true] but found [false]
at org.testng.Assert.fail(Assert.java:96)
at org.testng.Assert.failNotEquals(Assert.java:776)
at org.testng.Assert.assertTrue(Assert.java:44)
at Test.LoginTest.VeriyAddAddress(LoginTest.java:96)
at sun.reflect.NativeMethodAccessorImpl.invoke0(Native Method)
at sun.reflect.NativeMethodAccessorImpl.invoke(NativeMethodAccessorImpl.java:62)
at sun.reflect.DelegatingMethodAccessorImpl.invoke(DelegatingMethodAccessorImpl.java:43)
at java.lang.reflect.Method.invoke(Method.java:498)
at org.testng.internal.MethodInvocationHelper.invokeMethod(MethodInvocationHelper.java:124)
at org.testng.internal.Invoker.invokeMethod(Invoker.java:580)
at org.testng.internal.Invoker.invokeTestMethod(Invoker.java:716)
at org.testng.internal.Invoker.invokeTestMethods(Invoker.java:988)
at org.testng.internal.TestMethodWorker.invokeTestMethods(TestMethodWorker.java:125)
at org.testng.internal.TestMethodWorker.run(TestMethodWorker.java:109)
at org.testng.TestRunner.privateRun(TestRunner.java:648)
at org.testng.TestRunner.run(TestRunner.java:505)
at org.testng.SuiteRunner.runTest(SuiteRunner.java:455)
at org.testng.SuiteRunner.access$000(SuiteRunner.java:40)
at org.testng.SuiteRunner$SuiteWorker.run(SuiteRunner.java:489)
at org.testng.internal.thread.ThreadUtil$1.call(ThreadUtil.java:52)
at java.util.concurrent.FutureTask.run(FutureTask.java:266)
at java.util.concurrent.ThreadPoolExecutor.runWorker(ThreadPoolExecutor.java:1149)
at java.util.concurrent.ThreadPoolExecutor$Worker.run(ThreadPoolExecutor.java:624)
at java.lang.Thread.run(Thread.java:748)
]]>
            </full-stacktrace>
          </exception> <!-- java.lang.AssertionError -->
          <reporter-output>
          </reporter-output>
        </test-method> <!-- VeriyAddAddress -->
        <test-method status="PASS" signature="close()[pri:0, instance:Test.LoginTest@57829d67]" name="close" is-config="true" duration-ms="820" started-at="2018-06-28T14:09:06Z" finished-at="2018-06-28T14:09:06Z">
          <reporter-output>
          </reporter-output>
        </test-method> <!-- close -->
      </class> <!-- Test.LoginTest -->
    </test> <!-- Test -->
  </suite> <!-- Suite -->
</testng-results>
